{"message":"url: /favicon.ico, query parameters: {}, body: {}","level":"info"}
{"message":"url: /users, query parameters: {}, body: {\"name\":\"string\",\"login\":\"string\",\"password\":\"string\"}","level":"info"}
{"message":"url: /users, query parameters: {}, body: {\"name\":\"\",\"login\":\"\",\"password\":\"\"}","level":"info"}
{"message":"url: /users, query parameters: {}, body: {\"name\":\"string\",\"login\":\"string\",\"password\":\"string\"}","level":"info"}
{"message":"url: /users, query parameters: {}, body: {}","level":"info"}
{"message":"url: /users, query parameters: {}, body: {}","level":"info"}
{"message":"url: /users, query parameters: {}, body: {}","level":"info"}
{"message":"url: /users/e723ba87-869b-4ba9-916f-2e3c116bb8a1, query parameters: {}, body: {}","level":"info"}
{"message":"url: /users/e723ba87-869b-4ba9-916f-2e3c116bb8a, query parameters: {}, body: {}","level":"info"}
{"message":"url: /users, query parameters: {}, body: {}","level":"info"}
{"message":"url: /users/e723ba87-869b-4ba9-916f-2e3c116bb8a1, query parameters: {}, body: {}","level":"info"}
{"message":"url: /users/e723ba87-869b-4ba9-916f-2e3c116bb8a1, query parameters: {}, body: {\"name\":\"string!!!\",\"login\":\"string!!!\",\"password\":\"string!!!\"}","level":"info"}
{"message":"url: /users/e723ba87-869b-4ba9-916f-2e3c116bb8a1, query parameters: {}, body: {\"name\":\"string!!!\",\"login\":\"string!!!\",\"password\":\"string!!!\"}","level":"info"}
{"message":"url: /users/e723ba87-869b-4ba9-916f-2e3c116bb8a1, query parameters: {}, body: {\"name\":\"string!!!\",\"login\":\"string!!!\",\"password\":\"string!!!\"}","level":"info"}
{"message":"url: /users/e723ba87-869b-4ba9-916f-2e3c116bb8a1, query parameters: {}, body: {\"name\":\"string!!!\",\"login\":\"string!!!\",\"password\":\"string!!!\"}","level":"info"}
{"message":"url: /users, query parameters: {}, body: {}","level":"info"}
{"message":"url: /users/e723ba87-869b-4ba9-916f-2e3c116bb8a1, query parameters: {}, body: {}","level":"info"}
{"message":"url: /users, query parameters: {}, body: {}","level":"info"}
{"message":"url: /users/31f8c22f-139a-45e2-b845-809a9023bafa, query parameters: {}, body: {}","level":"info"}
{"message":"url: /users, query parameters: {}, body: {}","level":"info"}
{"message":"url: /users, query parameters: {}, body: {\"name\":\"string\",\"login\":\"string\",\"password\":\"string\"}","level":"info"}
{"message":"url: /users/d072e65d-d1af-4cf2-a73f-d50e0240ee6c, query parameters: {}, body: {}","level":"info"}
{"message":"url: /users, query parameters: {}, body: {\"name\":\"string\",\"login\":\"string\",\"password\":\"string\"}","level":"info"}
{"message":"url: /users/2bb78638-982d-48ab-9bbd-84b298d4fc9c, query parameters: {}, body: {}","level":"info"}
{"message":"url: /users, query parameters: {}, body: {}","level":"info"}
{"message":"url: /users/d072e65d-d1af-4cf2-a73f-d50e0240ee6c, query parameters: {}, body: {}","level":"info"}
{"message":"url: /users, query parameters: {}, body: {}","level":"info"}
{"message":"url: /users/2bb78638-982d-48ab-9bbd-84b298d4fc9c, query parameters: {}, body: {}","level":"info"}
{"message":"url: /users/e723ba87-869b-4ba9-916f-2e3c116bb8a1, query parameters: {}, body: {\"name\":\"string!!!\",\"login\":\"string!!!\",\"password\":\"string!!!\"}","level":"info"}
{"message":"url: /users, query parameters: {}, body: {\"name\":\"string\",\"login\":\"string\",\"password\":\"string\"}","level":"info"}
{"message":"url: /users/a4576c2b-8913-4b88-a877-8579a07a5515, query parameters: {}, body: {}","level":"info"}
